<?xml version="1.0" encoding="UTF-8"?>
<!-- Generated by org.testng.reporters.JUnitXMLReporter -->
<testsuite hostname="DESKTOP-TSQEDQT" ignored="0" name="Test" tests="3" failures="0" timestamp="28 Mar 2021 08:15:07 GMT" time="0.092" errors="0">
  <testcase name="@BeforeTest launcBrowser" time="0.016" classname="com.technogearup.E2EProject.HomePage">
    <failure type="java.lang.Error" message="Unresolved compilation problems: 
	driver cannot be resolved to a variable
	driver cannot be resolved
	driver cannot be resolved to a variable
">
      <![CDATA[java.lang.Error: Unresolved compilation problems: 
driver cannot be resolved to a variable
driver cannot be resolved
driver cannot be resolved to a variable

at resources.Base.initializerDriver(Base.java:34)
at com.technogearup.E2EProject.HomePage.launcBrowser(HomePage.java:25)
... Removed 24 stack frames]]>
    </failure>
  </testcase> <!-- @BeforeTest launcBrowser -->
  <testcase name="@BeforeTest launcBrowser" time="0.0" classname="com.technogearup.E2EProject.ValidateNavigationBar">
    <skipped/>
  </testcase> <!-- @BeforeTest launcBrowser -->
  <testcase name="@BeforeTest launcBrowser" time="0.0" classname="com.technogearup.E2EProject.ValidateTitle">
    <skipped/>
  </testcase> <!-- @BeforeTest launcBrowser -->
  <testcase name="@AfterTest closeBrowser" time="0.0" classname="com.technogearup.E2EProject.HomePage">
    <skipped/>
  </testcase> <!-- @AfterTest closeBrowser -->
  <testcase name="@AfterTest closeBrowser" time="0.0" classname="com.technogearup.E2EProject.ValidateNavigationBar">
    <skipped/>
  </testcase> <!-- @AfterTest closeBrowser -->
  <testcase name="@AfterTest closeBrowser" time="0.0" classname="com.technogearup.E2EProject.ValidateTitle">
    <skipped/>
  </testcase> <!-- @AfterTest closeBrowser -->
  <testcase name="basePageNavigation" time="0.0" classname="com.technogearup.E2EProject.HomePage">
    <skipped/>
  </testcase> <!-- basePageNavigation -->
  <testcase name="basePageNavigation" time="0.0" classname="com.technogearup.E2EProject.ValidateTitle">
    <skipped/>
  </testcase> <!-- basePageNavigation -->
  <testcase name="basePageNavigation" time="0.0" classname="com.technogearup.E2EProject.ValidateNavigationBar">
    <skipped/>
  </testcase> <!-- basePageNavigation -->
</testsuite> <!-- Test -->
