<?xml version="1.0" encoding="UTF-8"?>
<!-- Generated by org.testng.reporters.JUnitXMLReporter -->
<testsuite ignored="0" hostname="DESKTOP-AG9QOA8" failures="0" tests="3" name="Test0" time="13.647" errors="0" timestamp="2022-10-07T10:51:54 BDT">
  <testcase classname="com.technogearup.E2EProject.HeaderOfThePage" name="headerContent" time="0.835"/>
  <testcase classname="com.technogearup.E2EProject.HeaderOfThePage" name="logo" time="0.225"/>
  <testcase classname="com.technogearup.E2EProject.HeaderOfThePage" name="searchOption" time="1.852"/>
</testsuite> <!-- Test0 -->
