<?xml version="1.0" encoding="UTF-8"?>
<testng-results ignored="0" total="6" passed="4" failed="2" skipped="0">
  <reporter-output>
  </reporter-output>
  <suite started-at="2022-10-16T08:20:19 BDT" name="Default suite" finished-at="2022-10-16T08:22:56 BDT" duration-ms="157695">
    <groups>
    </groups>
    <test started-at="2022-10-16T08:20:19 BDT" name="Default test" finished-at="2022-10-16T08:22:56 BDT" duration-ms="157695">
      <class name="com.technogearup.E2EProject.HeaderOfThePage">
        <test-method is-config="true" signature="launcBrowser()[pri:0, instance:com.technogearup.E2EProject.HeaderOfThePage@2f9a01c1]" started-at="2022-10-16T08:20:19 BDT" name="launcBrowser" finished-at="2022-10-16T08:20:27 BDT" duration-ms="8882" status="PASS">
          <reporter-output>
          </reporter-output>
        </test-method> <!-- launcBrowser -->
        <test-method signature="headerContent()[pri:1, instance:com.technogearup.E2EProject.HeaderOfThePage@2f9a01c1]" started-at="2022-10-16T08:20:27 BDT" name="headerContent" finished-at="2022-10-16T08:20:28 BDT" duration-ms="94" status="PASS">
          <reporter-output>
          </reporter-output>
        </test-method> <!-- headerContent -->
        <test-method signature="logo()[pri:2, instance:com.technogearup.E2EProject.HeaderOfThePage@2f9a01c1]" started-at="2022-10-16T08:20:28 BDT" name="logo" finished-at="2022-10-16T08:20:28 BDT" duration-ms="155" status="PASS">
          <reporter-output>
          </reporter-output>
        </test-method> <!-- logo -->
        <test-method signature="searchOption()[pri:3, instance:com.technogearup.E2EProject.HeaderOfThePage@2f9a01c1]" started-at="2022-10-16T08:20:28 BDT" name="searchOption" finished-at="2022-10-16T08:20:31 BDT" duration-ms="2837" status="PASS">
          <reporter-output>
          </reporter-output>
        </test-method> <!-- searchOption -->
        <test-method signature="userInfo()[pri:4, instance:com.technogearup.E2EProject.HeaderOfThePage@2f9a01c1]" started-at="2022-10-16T08:20:31 BDT" name="userInfo" finished-at="2022-10-16T08:21:16 BDT" duration-ms="45248" status="PASS">
          <reporter-output>
          </reporter-output>
        </test-method> <!-- userInfo -->
        <test-method signature="navigation()[pri:5, instance:com.technogearup.E2EProject.HeaderOfThePage@2f9a01c1]" started-at="2022-10-16T08:21:16 BDT" name="navigation" finished-at="2022-10-16T08:22:22 BDT" duration-ms="66297" status="FAIL">
          <exception class="java.lang.AssertionError">
            <message>
              <![CDATA[Nav: have the following issues: [[https://www.neutrogena.com/care-club.html#]nav item links are not in proper place] expected [true] but found [false]]]>
            </message>
            <full-stacktrace>
              <![CDATA[java.lang.AssertionError: Nav: have the following issues: [[https://www.neutrogena.com/care-club.html#]nav item links are not in proper place] expected [true] but found [false]
at org.testng.Assert.fail(Assert.java:99)
at org.testng.Assert.failNotEquals(Assert.java:1037)
at org.testng.Assert.assertTrue(Assert.java:45)
at com.technogearup.E2EProject.HeaderOfThePage.navigation(HeaderOfThePage.java:401)
at java.base/jdk.internal.reflect.NativeMethodAccessorImpl.invoke0(Native Method)
at java.base/jdk.internal.reflect.NativeMethodAccessorImpl.invoke(NativeMethodAccessorImpl.java:77)
at java.base/jdk.internal.reflect.DelegatingMethodAccessorImpl.invoke(DelegatingMethodAccessorImpl.java:43)
at java.base/java.lang.reflect.Method.invoke(Method.java:568)
at org.testng.internal.MethodInvocationHelper.invokeMethod(MethodInvocationHelper.java:133)
at org.testng.internal.TestInvoker.invokeMethod(TestInvoker.java:598)
at org.testng.internal.TestInvoker.invokeTestMethod(TestInvoker.java:173)
at org.testng.internal.MethodRunner.runInSequence(MethodRunner.java:46)
at org.testng.internal.TestInvoker$MethodInvocationAgent.invoke(TestInvoker.java:824)
at org.testng.internal.TestInvoker.invokeTestMethods(TestInvoker.java:146)
at org.testng.internal.TestMethodWorker.invokeTestMethods(TestMethodWorker.java:146)
at org.testng.internal.TestMethodWorker.run(TestMethodWorker.java:128)
at java.base/java.util.ArrayList.forEach(ArrayList.java:1511)
at org.testng.TestRunner.privateRun(TestRunner.java:794)
at org.testng.TestRunner.run(TestRunner.java:596)
at org.testng.SuiteRunner.runTest(SuiteRunner.java:377)
at org.testng.SuiteRunner.runSequentially(SuiteRunner.java:371)
at org.testng.SuiteRunner.privateRun(SuiteRunner.java:332)
at org.testng.SuiteRunner.run(SuiteRunner.java:276)
at org.testng.SuiteRunnerWorker.runSuite(SuiteRunnerWorker.java:53)
at org.testng.SuiteRunnerWorker.run(SuiteRunnerWorker.java:96)
at org.testng.TestNG.runSuitesSequentially(TestNG.java:1212)
at org.testng.TestNG.runSuitesLocally(TestNG.java:1134)
at org.testng.TestNG.runSuites(TestNG.java:1063)
at org.testng.TestNG.run(TestNG.java:1031)
at org.testng.remote.AbstractRemoteTestNG.run(AbstractRemoteTestNG.java:115)
at org.testng.remote.RemoteTestNG.initAndRun(RemoteTestNG.java:251)
at org.testng.remote.RemoteTestNG.main(RemoteTestNG.java:77)
]]>
            </full-stacktrace>
          </exception> <!-- java.lang.AssertionError -->
          <reporter-output>
          </reporter-output>
        </test-method> <!-- navigation -->
        <test-method signature="utilityBanner()[pri:6, instance:com.technogearup.E2EProject.HeaderOfThePage@2f9a01c1]" started-at="2022-10-16T08:22:22 BDT" name="utilityBanner" finished-at="2022-10-16T08:22:56 BDT" duration-ms="34119" status="FAIL">
          <exception class="java.lang.AssertionError">
            <message>
              <![CDATA[expected [true] but found [false]]]>
            </message>
            <full-stacktrace>
              <![CDATA[java.lang.AssertionError: expected [true] but found [false]
at org.testng.Assert.fail(Assert.java:99)
at org.testng.Assert.failNotEquals(Assert.java:1037)
at org.testng.Assert.assertTrue(Assert.java:45)
at org.testng.Assert.assertTrue(Assert.java:55)
at com.technogearup.E2EProject.HeaderOfThePage.utilityBanner(HeaderOfThePage.java:596)
at java.base/jdk.internal.reflect.NativeMethodAccessorImpl.invoke0(Native Method)
at java.base/jdk.internal.reflect.NativeMethodAccessorImpl.invoke(NativeMethodAccessorImpl.java:77)
at java.base/jdk.internal.reflect.DelegatingMethodAccessorImpl.invoke(DelegatingMethodAccessorImpl.java:43)
at java.base/java.lang.reflect.Method.invoke(Method.java:568)
at org.testng.internal.MethodInvocationHelper.invokeMethod(MethodInvocationHelper.java:133)
at org.testng.internal.TestInvoker.invokeMethod(TestInvoker.java:598)
at org.testng.internal.TestInvoker.invokeTestMethod(TestInvoker.java:173)
at org.testng.internal.MethodRunner.runInSequence(MethodRunner.java:46)
at org.testng.internal.TestInvoker$MethodInvocationAgent.invoke(TestInvoker.java:824)
at org.testng.internal.TestInvoker.invokeTestMethods(TestInvoker.java:146)
at org.testng.internal.TestMethodWorker.invokeTestMethods(TestMethodWorker.java:146)
at org.testng.internal.TestMethodWorker.run(TestMethodWorker.java:128)
at java.base/java.util.ArrayList.forEach(ArrayList.java:1511)
at org.testng.TestRunner.privateRun(TestRunner.java:794)
at org.testng.TestRunner.run(TestRunner.java:596)
at org.testng.SuiteRunner.runTest(SuiteRunner.java:377)
at org.testng.SuiteRunner.runSequentially(SuiteRunner.java:371)
at org.testng.SuiteRunner.privateRun(SuiteRunner.java:332)
at org.testng.SuiteRunner.run(SuiteRunner.java:276)
at org.testng.SuiteRunnerWorker.runSuite(SuiteRunnerWorker.java:53)
at org.testng.SuiteRunnerWorker.run(SuiteRunnerWorker.java:96)
at org.testng.TestNG.runSuitesSequentially(TestNG.java:1212)
at org.testng.TestNG.runSuitesLocally(TestNG.java:1134)
at org.testng.TestNG.runSuites(TestNG.java:1063)
at org.testng.TestNG.run(TestNG.java:1031)
at org.testng.remote.AbstractRemoteTestNG.run(AbstractRemoteTestNG.java:115)
at org.testng.remote.RemoteTestNG.initAndRun(RemoteTestNG.java:251)
at org.testng.remote.RemoteTestNG.main(RemoteTestNG.java:77)
]]>
            </full-stacktrace>
          </exception> <!-- java.lang.AssertionError -->
          <reporter-output>
          </reporter-output>
        </test-method> <!-- utilityBanner -->
      </class> <!-- com.technogearup.E2EProject.HeaderOfThePage -->
    </test> <!-- Default test -->
  </suite> <!-- Default suite -->
</testng-results>
