<?xml version="1.0" encoding="UTF-8"?>
<testng-results ignored="0" total="39" passed="31" failed="8" skipped="0">
  <reporter-output>
  </reporter-output>
  <suite started-at="2022-11-14T10:53:18 BDT" name="Suite" finished-at="2022-11-14T10:57:35 BDT" duration-ms="256699">
    <groups>
    </groups>
    <test started-at="2022-11-14T10:53:18 BDT" name="Test0" finished-at="2022-11-14T10:57:35 BDT" duration-ms="256699">
      <class name="com.technogearup.E2EProject.HeaderOfThePage">
        <test-method is-config="true" signature="launcBrowser()[pri:0, instance:com.technogearup.E2EProject.HeaderOfThePage@47747fb9]" started-at="2022-11-14T10:53:40 BDT" name="launcBrowser" finished-at="2022-11-14T10:53:50 BDT" duration-ms="9747" status="PASS">
          <reporter-output>
          </reporter-output>
        </test-method> <!-- launcBrowser -->
        <test-method signature="headerContent()[pri:1, instance:com.technogearup.E2EProject.HeaderOfThePage@47747fb9]" started-at="2022-11-14T10:53:50 BDT" name="headerContent" finished-at="2022-11-14T10:53:50 BDT" duration-ms="107" status="PASS">
          <reporter-output>
          </reporter-output>
        </test-method> <!-- headerContent -->
        <test-method signature="logo()[pri:2, instance:com.technogearup.E2EProject.HeaderOfThePage@47747fb9]" started-at="2022-11-14T10:54:10 BDT" name="logo" finished-at="2022-11-14T10:54:10 BDT" duration-ms="425" status="PASS">
          <reporter-output>
          </reporter-output>
        </test-method> <!-- logo -->
        <test-method signature="searchOption()[pri:3, instance:com.technogearup.E2EProject.HeaderOfThePage@47747fb9]" started-at="2022-11-14T10:54:16 BDT" name="searchOption" finished-at="2022-11-14T10:54:30 BDT" duration-ms="14126" status="PASS">
          <reporter-output>
          </reporter-output>
        </test-method> <!-- searchOption -->
        <test-method signature="userInfo()[pri:4, instance:com.technogearup.E2EProject.HeaderOfThePage@47747fb9]" started-at="2022-11-14T10:54:40 BDT" name="userInfo" finished-at="2022-11-14T10:55:27 BDT" duration-ms="46601" status="FAIL">
          <exception class="org.openqa.selenium.StaleElementReferenceException">
            <message>
              <![CDATA[stale element reference: element is not attached to the page document
  (Session info: chrome=107.0.5304.107)
For documentation on this error, please visit: https://www.seleniumhq.org/exceptions/stale_element_reference.html
Build info: version: '3.141.59', revision: 'e82be7d358', time: '2018-11-14T08:17:03'
System info: host: 'DESKTOP-AG9QOA8', ip: '192.168.0.107', os.name: 'Windows 10', os.arch: 'amd64', os.version: '10.0', java.version: '17.0.4.1'
Driver info: org.openqa.selenium.chrome.ChromeDriver
Capabilities {acceptInsecureCerts: false, browserName: chrome, browserVersion: 107.0.5304.107, chrome: {chromedriverVersion: 107.0.5304.62 (1eec40d3a576..., userDataDir: C:\Users\REZA\AppData\Local...}, goog:chromeOptions: {debuggerAddress: localhost:2926}, javascriptEnabled: true, networkConnectionEnabled: false, pageLoadStrategy: normal, platform: WINDOWS, platformName: WINDOWS, proxy: Proxy(), setWindowRect: true, strictFileInteractability: false, timeouts: {implicit: 0, pageLoad: 300000, script: 30000}, unhandledPromptBehavior: dismiss and notify, webauthn:extension:credBlob: true, webauthn:extension:largeBlob: true, webauthn:virtualAuthenticators: true}
Session ID: 9ea8800a34c0ad1c54cf6433f6d3f0b2]]>
            </message>
            <full-stacktrace>
              <![CDATA[org.openqa.selenium.StaleElementReferenceException: stale element reference: element is not attached to the page document
  (Session info: chrome=107.0.5304.107)
For documentation on this error, please visit: https://www.seleniumhq.org/exceptions/stale_element_reference.html
Build info: version: '3.141.59', revision: 'e82be7d358', time: '2018-11-14T08:17:03'
System info: host: 'DESKTOP-AG9QOA8', ip: '192.168.0.107', os.name: 'Windows 10', os.arch: 'amd64', os.version: '10.0', java.version: '17.0.4.1'
Driver info: org.openqa.selenium.chrome.ChromeDriver
Capabilities {acceptInsecureCerts: false, browserName: chrome, browserVersion: 107.0.5304.107, chrome: {chromedriverVersion: 107.0.5304.62 (1eec40d3a576..., userDataDir: C:\Users\REZA\AppData\Local...}, goog:chromeOptions: {debuggerAddress: localhost:2926}, javascriptEnabled: true, networkConnectionEnabled: false, pageLoadStrategy: normal, platform: WINDOWS, platformName: WINDOWS, proxy: Proxy(), setWindowRect: true, strictFileInteractability: false, timeouts: {implicit: 0, pageLoad: 300000, script: 30000}, unhandledPromptBehavior: dismiss and notify, webauthn:extension:credBlob: true, webauthn:extension:largeBlob: true, webauthn:virtualAuthenticators: true}
Session ID: 9ea8800a34c0ad1c54cf6433f6d3f0b2
at java.base/jdk.internal.reflect.NativeConstructorAccessorImpl.newInstance0(Native Method)
at java.base/jdk.internal.reflect.NativeConstructorAccessorImpl.newInstance(NativeConstructorAccessorImpl.java:77)
at java.base/jdk.internal.reflect.DelegatingConstructorAccessorImpl.newInstance(DelegatingConstructorAccessorImpl.java:45)
at java.base/java.lang.reflect.Constructor.newInstanceWithCaller(Constructor.java:499)
at java.base/java.lang.reflect.Constructor.newInstance(Constructor.java:480)
at org.openqa.selenium.remote.http.W3CHttpResponseCodec.createException(W3CHttpResponseCodec.java:187)
at org.openqa.selenium.remote.http.W3CHttpResponseCodec.decode(W3CHttpResponseCodec.java:122)
at org.openqa.selenium.remote.http.W3CHttpResponseCodec.decode(W3CHttpResponseCodec.java:49)
at org.openqa.selenium.remote.HttpCommandExecutor.execute(HttpCommandExecutor.java:158)
at org.openqa.selenium.remote.service.DriverCommandExecutor.execute(DriverCommandExecutor.java:83)
at org.openqa.selenium.remote.RemoteWebDriver.execute(RemoteWebDriver.java:552)
at org.openqa.selenium.remote.RemoteWebDriver.perform(RemoteWebDriver.java:618)
at org.openqa.selenium.interactions.Actions$BuiltAction.perform(Actions.java:639)
at com.technogearup.E2EProject.HeaderOfThePage.userInfo(HeaderOfThePage.java:203)
at java.base/jdk.internal.reflect.NativeMethodAccessorImpl.invoke0(Native Method)
at java.base/jdk.internal.reflect.NativeMethodAccessorImpl.invoke(NativeMethodAccessorImpl.java:77)
at java.base/jdk.internal.reflect.DelegatingMethodAccessorImpl.invoke(DelegatingMethodAccessorImpl.java:43)
at java.base/java.lang.reflect.Method.invoke(Method.java:568)
at org.testng.internal.MethodInvocationHelper.invokeMethod(MethodInvocationHelper.java:132)
at org.testng.internal.TestInvoker.invokeMethod(TestInvoker.java:599)
at org.testng.internal.TestInvoker.invokeTestMethod(TestInvoker.java:174)
at org.testng.internal.MethodRunner.runInSequence(MethodRunner.java:46)
at org.testng.internal.TestInvoker$MethodInvocationAgent.invoke(TestInvoker.java:822)
at org.testng.internal.TestInvoker.invokeTestMethods(TestInvoker.java:147)
at org.testng.internal.TestMethodWorker.invokeTestMethods(TestMethodWorker.java:146)
at org.testng.internal.TestMethodWorker.run(TestMethodWorker.java:128)
at java.base/java.util.ArrayList.forEach(ArrayList.java:1511)
at org.testng.TestRunner.privateRun(TestRunner.java:764)
at org.testng.TestRunner.run(TestRunner.java:585)
at org.testng.SuiteRunner.runTest(SuiteRunner.java:384)
at org.testng.SuiteRunner.access$000(SuiteRunner.java:28)
at org.testng.SuiteRunner$SuiteWorker.run(SuiteRunner.java:425)
at org.testng.internal.thread.ThreadUtil.lambda$execute$0(ThreadUtil.java:66)
at java.base/java.util.concurrent.FutureTask.run(FutureTask.java:264)
at java.base/java.util.concurrent.ThreadPoolExecutor.runWorker(ThreadPoolExecutor.java:1136)
at java.base/java.util.concurrent.ThreadPoolExecutor$Worker.run(ThreadPoolExecutor.java:635)
at java.base/java.lang.Thread.run(Thread.java:833)
]]>
            </full-stacktrace>
          </exception> <!-- org.openqa.selenium.StaleElementReferenceException -->
          <reporter-output>
          </reporter-output>
        </test-method> <!-- userInfo -->
        <test-method signature="navigation()[pri:5, instance:com.technogearup.E2EProject.HeaderOfThePage@47747fb9]" started-at="2022-11-14T10:56:44 BDT" name="navigation" finished-at="2022-11-14T10:56:55 BDT" duration-ms="10088" status="FAIL">
          <exception class="org.openqa.selenium.NoSuchElementException">
            <message>
              <![CDATA[no such element: Unable to locate element: {"method":"xpath","selector":"//nav[@id='navigation']/ul[@class='menu-category level-1']/li/a[contains(text(),"Holiday")]"}
  (Session info: chrome=107.0.5304.107)
For documentation on this error, please visit: https://www.seleniumhq.org/exceptions/no_such_element.html
Build info: version: '3.141.59', revision: 'e82be7d358', time: '2018-11-14T08:17:03'
System info: host: 'DESKTOP-AG9QOA8', ip: '192.168.0.107', os.name: 'Windows 10', os.arch: 'amd64', os.version: '10.0', java.version: '17.0.4.1'
Driver info: org.openqa.selenium.chrome.ChromeDriver
Capabilities {acceptInsecureCerts: false, browserName: chrome, browserVersion: 107.0.5304.107, chrome: {chromedriverVersion: 107.0.5304.62 (1eec40d3a576..., userDataDir: C:\Users\REZA\AppData\Local...}, goog:chromeOptions: {debuggerAddress: localhost:2926}, javascriptEnabled: true, networkConnectionEnabled: false, pageLoadStrategy: normal, platform: WINDOWS, platformName: WINDOWS, proxy: Proxy(), setWindowRect: true, strictFileInteractability: false, timeouts: {implicit: 0, pageLoad: 300000, script: 30000}, unhandledPromptBehavior: dismiss and notify, webauthn:extension:credBlob: true, webauthn:extension:largeBlob: true, webauthn:virtualAuthenticators: true}
Session ID: 9ea8800a34c0ad1c54cf6433f6d3f0b2
*** Element info: {Using=xpath, value=//nav[@id='navigation']/ul[@class='menu-category level-1']/li/a[contains(text(),"Holiday")]}]]>
            </message>
            <full-stacktrace>
              <![CDATA[org.openqa.selenium.NoSuchElementException: no such element: Unable to locate element: {"method":"xpath","selector":"//nav[@id='navigation']/ul[@class='menu-category level-1']/li/a[contains(text(),"Holiday")]"}
  (Session info: chrome=107.0.5304.107)
For documentation on this error, please visit: https://www.seleniumhq.org/exceptions/no_such_element.html
Build info: version: '3.141.59', revision: 'e82be7d358', time: '2018-11-14T08:17:03'
System info: host: 'DESKTOP-AG9QOA8', ip: '192.168.0.107', os.name: 'Windows 10', os.arch: 'amd64', os.version: '10.0', java.version: '17.0.4.1'
Driver info: org.openqa.selenium.chrome.ChromeDriver
Capabilities {acceptInsecureCerts: false, browserName: chrome, browserVersion: 107.0.5304.107, chrome: {chromedriverVersion: 107.0.5304.62 (1eec40d3a576..., userDataDir: C:\Users\REZA\AppData\Local...}, goog:chromeOptions: {debuggerAddress: localhost:2926}, javascriptEnabled: true, networkConnectionEnabled: false, pageLoadStrategy: normal, platform: WINDOWS, platformName: WINDOWS, proxy: Proxy(), setWindowRect: true, strictFileInteractability: false, timeouts: {implicit: 0, pageLoad: 300000, script: 30000}, unhandledPromptBehavior: dismiss and notify, webauthn:extension:credBlob: true, webauthn:extension:largeBlob: true, webauthn:virtualAuthenticators: true}
Session ID: 9ea8800a34c0ad1c54cf6433f6d3f0b2
*** Element info: {Using=xpath, value=//nav[@id='navigation']/ul[@class='menu-category level-1']/li/a[contains(text(),"Holiday")]}
at jdk.internal.reflect.GeneratedConstructorAccessor38.newInstance(Unknown Source)
at java.base/jdk.internal.reflect.DelegatingConstructorAccessorImpl.newInstance(DelegatingConstructorAccessorImpl.java:45)
at java.base/java.lang.reflect.Constructor.newInstanceWithCaller(Constructor.java:499)
at java.base/java.lang.reflect.Constructor.newInstance(Constructor.java:480)
at org.openqa.selenium.remote.http.W3CHttpResponseCodec.createException(W3CHttpResponseCodec.java:187)
at org.openqa.selenium.remote.http.W3CHttpResponseCodec.decode(W3CHttpResponseCodec.java:122)
at org.openqa.selenium.remote.http.W3CHttpResponseCodec.decode(W3CHttpResponseCodec.java:49)
at org.openqa.selenium.remote.HttpCommandExecutor.execute(HttpCommandExecutor.java:158)
at org.openqa.selenium.remote.service.DriverCommandExecutor.execute(DriverCommandExecutor.java:83)
at org.openqa.selenium.remote.RemoteWebDriver.execute(RemoteWebDriver.java:552)
at org.openqa.selenium.remote.RemoteWebDriver.findElement(RemoteWebDriver.java:323)
at org.openqa.selenium.remote.RemoteWebDriver.findElementByXPath(RemoteWebDriver.java:428)
at org.openqa.selenium.By$ByXPath.findElement(By.java:353)
at org.openqa.selenium.remote.RemoteWebDriver.findElement(RemoteWebDriver.java:315)
at pageObjects.Header.getNav(Header.java:109)
at com.technogearup.E2EProject.HeaderOfThePage.navigation(HeaderOfThePage.java:248)
at java.base/jdk.internal.reflect.NativeMethodAccessorImpl.invoke0(Native Method)
at java.base/jdk.internal.reflect.NativeMethodAccessorImpl.invoke(NativeMethodAccessorImpl.java:77)
at java.base/jdk.internal.reflect.DelegatingMethodAccessorImpl.invoke(DelegatingMethodAccessorImpl.java:43)
at java.base/java.lang.reflect.Method.invoke(Method.java:568)
at org.testng.internal.MethodInvocationHelper.invokeMethod(MethodInvocationHelper.java:132)
at org.testng.internal.TestInvoker.invokeMethod(TestInvoker.java:599)
at org.testng.internal.TestInvoker.invokeTestMethod(TestInvoker.java:174)
at org.testng.internal.MethodRunner.runInSequence(MethodRunner.java:46)
at org.testng.internal.TestInvoker$MethodInvocationAgent.invoke(TestInvoker.java:822)
at org.testng.internal.TestInvoker.invokeTestMethods(TestInvoker.java:147)
at org.testng.internal.TestMethodWorker.invokeTestMethods(TestMethodWorker.java:146)
at org.testng.internal.TestMethodWorker.run(TestMethodWorker.java:128)
at java.base/java.util.ArrayList.forEach(ArrayList.java:1511)
at org.testng.TestRunner.privateRun(TestRunner.java:764)
at org.testng.TestRunner.run(TestRunner.java:585)
at org.testng.SuiteRunner.runTest(SuiteRunner.java:384)
at org.testng.SuiteRunner.access$000(SuiteRunner.java:28)
at org.testng.SuiteRunner$SuiteWorker.run(SuiteRunner.java:425)
at org.testng.internal.thread.ThreadUtil.lambda$execute$0(ThreadUtil.java:66)
at java.base/java.util.concurrent.FutureTask.run(FutureTask.java:264)
at java.base/java.util.concurrent.ThreadPoolExecutor.runWorker(ThreadPoolExecutor.java:1136)
at java.base/java.util.concurrent.ThreadPoolExecutor$Worker.run(ThreadPoolExecutor.java:635)
at java.base/java.lang.Thread.run(Thread.java:833)
]]>
            </full-stacktrace>
          </exception> <!-- org.openqa.selenium.NoSuchElementException -->
          <reporter-output>
          </reporter-output>
        </test-method> <!-- navigation -->
        <test-method signature="subMenuRedirection()[pri:6, instance:com.technogearup.E2EProject.HeaderOfThePage@47747fb9]" started-at="2022-11-14T10:57:05 BDT" name="subMenuRedirection" finished-at="2022-11-14T10:57:10 BDT" duration-ms="5022" status="FAIL">
          <exception class="org.openqa.selenium.NoSuchElementException">
            <message>
              <![CDATA[no such element: Unable to locate element: {"method":"xpath","selector":"//nav[@id='navigation']/ul[@class='menu-category level-1']/li/a[contains(text(),"Holiday")]"}
  (Session info: chrome=107.0.5304.107)
For documentation on this error, please visit: https://www.seleniumhq.org/exceptions/no_such_element.html
Build info: version: '3.141.59', revision: 'e82be7d358', time: '2018-11-14T08:17:03'
System info: host: 'DESKTOP-AG9QOA8', ip: '192.168.0.107', os.name: 'Windows 10', os.arch: 'amd64', os.version: '10.0', java.version: '17.0.4.1'
Driver info: org.openqa.selenium.chrome.ChromeDriver
Capabilities {acceptInsecureCerts: false, browserName: chrome, browserVersion: 107.0.5304.107, chrome: {chromedriverVersion: 107.0.5304.62 (1eec40d3a576..., userDataDir: C:\Users\REZA\AppData\Local...}, goog:chromeOptions: {debuggerAddress: localhost:2926}, javascriptEnabled: true, networkConnectionEnabled: false, pageLoadStrategy: normal, platform: WINDOWS, platformName: WINDOWS, proxy: Proxy(), setWindowRect: true, strictFileInteractability: false, timeouts: {implicit: 0, pageLoad: 300000, script: 30000}, unhandledPromptBehavior: dismiss and notify, webauthn:extension:credBlob: true, webauthn:extension:largeBlob: true, webauthn:virtualAuthenticators: true}
Session ID: 9ea8800a34c0ad1c54cf6433f6d3f0b2
*** Element info: {Using=xpath, value=//nav[@id='navigation']/ul[@class='menu-category level-1']/li/a[contains(text(),"Holiday")]}]]>
            </message>
            <full-stacktrace>
              <![CDATA[org.openqa.selenium.NoSuchElementException: no such element: Unable to locate element: {"method":"xpath","selector":"//nav[@id='navigation']/ul[@class='menu-category level-1']/li/a[contains(text(),"Holiday")]"}
  (Session info: chrome=107.0.5304.107)
For documentation on this error, please visit: https://www.seleniumhq.org/exceptions/no_such_element.html
Build info: version: '3.141.59', revision: 'e82be7d358', time: '2018-11-14T08:17:03'
System info: host: 'DESKTOP-AG9QOA8', ip: '192.168.0.107', os.name: 'Windows 10', os.arch: 'amd64', os.version: '10.0', java.version: '17.0.4.1'
Driver info: org.openqa.selenium.chrome.ChromeDriver
Capabilities {acceptInsecureCerts: false, browserName: chrome, browserVersion: 107.0.5304.107, chrome: {chromedriverVersion: 107.0.5304.62 (1eec40d3a576..., userDataDir: C:\Users\REZA\AppData\Local...}, goog:chromeOptions: {debuggerAddress: localhost:2926}, javascriptEnabled: true, networkConnectionEnabled: false, pageLoadStrategy: normal, platform: WINDOWS, platformName: WINDOWS, proxy: Proxy(), setWindowRect: true, strictFileInteractability: false, timeouts: {implicit: 0, pageLoad: 300000, script: 30000}, unhandledPromptBehavior: dismiss and notify, webauthn:extension:credBlob: true, webauthn:extension:largeBlob: true, webauthn:virtualAuthenticators: true}
Session ID: 9ea8800a34c0ad1c54cf6433f6d3f0b2
*** Element info: {Using=xpath, value=//nav[@id='navigation']/ul[@class='menu-category level-1']/li/a[contains(text(),"Holiday")]}
at jdk.internal.reflect.GeneratedConstructorAccessor38.newInstance(Unknown Source)
at java.base/jdk.internal.reflect.DelegatingConstructorAccessorImpl.newInstance(DelegatingConstructorAccessorImpl.java:45)
at java.base/java.lang.reflect.Constructor.newInstanceWithCaller(Constructor.java:499)
at java.base/java.lang.reflect.Constructor.newInstance(Constructor.java:480)
at org.openqa.selenium.remote.http.W3CHttpResponseCodec.createException(W3CHttpResponseCodec.java:187)
at org.openqa.selenium.remote.http.W3CHttpResponseCodec.decode(W3CHttpResponseCodec.java:122)
at org.openqa.selenium.remote.http.W3CHttpResponseCodec.decode(W3CHttpResponseCodec.java:49)
at org.openqa.selenium.remote.HttpCommandExecutor.execute(HttpCommandExecutor.java:158)
at org.openqa.selenium.remote.service.DriverCommandExecutor.execute(DriverCommandExecutor.java:83)
at org.openqa.selenium.remote.RemoteWebDriver.execute(RemoteWebDriver.java:552)
at org.openqa.selenium.remote.RemoteWebDriver.findElement(RemoteWebDriver.java:323)
at org.openqa.selenium.remote.RemoteWebDriver.findElementByXPath(RemoteWebDriver.java:428)
at org.openqa.selenium.By$ByXPath.findElement(By.java:353)
at org.openqa.selenium.remote.RemoteWebDriver.findElement(RemoteWebDriver.java:315)
at pageObjects.Header.getNav(Header.java:109)
at com.technogearup.E2EProject.HeaderOfThePage.subMenuRedirection(HeaderOfThePage.java:313)
at java.base/jdk.internal.reflect.NativeMethodAccessorImpl.invoke0(Native Method)
at java.base/jdk.internal.reflect.NativeMethodAccessorImpl.invoke(NativeMethodAccessorImpl.java:77)
at java.base/jdk.internal.reflect.DelegatingMethodAccessorImpl.invoke(DelegatingMethodAccessorImpl.java:43)
at java.base/java.lang.reflect.Method.invoke(Method.java:568)
at org.testng.internal.MethodInvocationHelper.invokeMethod(MethodInvocationHelper.java:132)
at org.testng.internal.TestInvoker.invokeMethod(TestInvoker.java:599)
at org.testng.internal.TestInvoker.invokeTestMethod(TestInvoker.java:174)
at org.testng.internal.MethodRunner.runInSequence(MethodRunner.java:46)
at org.testng.internal.TestInvoker$MethodInvocationAgent.invoke(TestInvoker.java:822)
at org.testng.internal.TestInvoker.invokeTestMethods(TestInvoker.java:147)
at org.testng.internal.TestMethodWorker.invokeTestMethods(TestMethodWorker.java:146)
at org.testng.internal.TestMethodWorker.run(TestMethodWorker.java:128)
at java.base/java.util.ArrayList.forEach(ArrayList.java:1511)
at org.testng.TestRunner.privateRun(TestRunner.java:764)
at org.testng.TestRunner.run(TestRunner.java:585)
at org.testng.SuiteRunner.runTest(SuiteRunner.java:384)
at org.testng.SuiteRunner.access$000(SuiteRunner.java:28)
at org.testng.SuiteRunner$SuiteWorker.run(SuiteRunner.java:425)
at org.testng.internal.thread.ThreadUtil.lambda$execute$0(ThreadUtil.java:66)
at java.base/java.util.concurrent.FutureTask.run(FutureTask.java:264)
at java.base/java.util.concurrent.ThreadPoolExecutor.runWorker(ThreadPoolExecutor.java:1136)
at java.base/java.util.concurrent.ThreadPoolExecutor$Worker.run(ThreadPoolExecutor.java:635)
at java.base/java.lang.Thread.run(Thread.java:833)
]]>
            </full-stacktrace>
          </exception> <!-- org.openqa.selenium.NoSuchElementException -->
          <reporter-output>
          </reporter-output>
        </test-method> <!-- subMenuRedirection -->
        <test-method signature="utilityBanner()[pri:7, instance:com.technogearup.E2EProject.HeaderOfThePage@47747fb9]" started-at="2022-11-14T10:57:11 BDT" name="utilityBanner" finished-at="2022-11-14T10:57:16 BDT" duration-ms="5029" status="FAIL">
          <exception class="org.openqa.selenium.NoSuchElementException">
            <message>
              <![CDATA[no such element: Unable to locate element: {"method":"css selector","selector":"div[class^='utility-banner'] div[class='advisory-banner'] > span"}
  (Session info: chrome=107.0.5304.107)
For documentation on this error, please visit: https://www.seleniumhq.org/exceptions/no_such_element.html
Build info: version: '3.141.59', revision: 'e82be7d358', time: '2018-11-14T08:17:03'
System info: host: 'DESKTOP-AG9QOA8', ip: '192.168.0.107', os.name: 'Windows 10', os.arch: 'amd64', os.version: '10.0', java.version: '17.0.4.1'
Driver info: org.openqa.selenium.chrome.ChromeDriver
Capabilities {acceptInsecureCerts: false, browserName: chrome, browserVersion: 107.0.5304.107, chrome: {chromedriverVersion: 107.0.5304.62 (1eec40d3a576..., userDataDir: C:\Users\REZA\AppData\Local...}, goog:chromeOptions: {debuggerAddress: localhost:2926}, javascriptEnabled: true, networkConnectionEnabled: false, pageLoadStrategy: normal, platform: WINDOWS, platformName: WINDOWS, proxy: Proxy(), setWindowRect: true, strictFileInteractability: false, timeouts: {implicit: 0, pageLoad: 300000, script: 30000}, unhandledPromptBehavior: dismiss and notify, webauthn:extension:credBlob: true, webauthn:extension:largeBlob: true, webauthn:virtualAuthenticators: true}
Session ID: 9ea8800a34c0ad1c54cf6433f6d3f0b2
*** Element info: {Using=css selector, value=div[class^='utility-banner'] div[class='advisory-banner'] > span}]]>
            </message>
            <full-stacktrace>
              <![CDATA[org.openqa.selenium.NoSuchElementException: no such element: Unable to locate element: {"method":"css selector","selector":"div[class^='utility-banner'] div[class='advisory-banner'] > span"}
  (Session info: chrome=107.0.5304.107)
For documentation on this error, please visit: https://www.seleniumhq.org/exceptions/no_such_element.html
Build info: version: '3.141.59', revision: 'e82be7d358', time: '2018-11-14T08:17:03'
System info: host: 'DESKTOP-AG9QOA8', ip: '192.168.0.107', os.name: 'Windows 10', os.arch: 'amd64', os.version: '10.0', java.version: '17.0.4.1'
Driver info: org.openqa.selenium.chrome.ChromeDriver
Capabilities {acceptInsecureCerts: false, browserName: chrome, browserVersion: 107.0.5304.107, chrome: {chromedriverVersion: 107.0.5304.62 (1eec40d3a576..., userDataDir: C:\Users\REZA\AppData\Local...}, goog:chromeOptions: {debuggerAddress: localhost:2926}, javascriptEnabled: true, networkConnectionEnabled: false, pageLoadStrategy: normal, platform: WINDOWS, platformName: WINDOWS, proxy: Proxy(), setWindowRect: true, strictFileInteractability: false, timeouts: {implicit: 0, pageLoad: 300000, script: 30000}, unhandledPromptBehavior: dismiss and notify, webauthn:extension:credBlob: true, webauthn:extension:largeBlob: true, webauthn:virtualAuthenticators: true}
Session ID: 9ea8800a34c0ad1c54cf6433f6d3f0b2
*** Element info: {Using=css selector, value=div[class^='utility-banner'] div[class='advisory-banner'] > span}
at jdk.internal.reflect.GeneratedConstructorAccessor38.newInstance(Unknown Source)
at java.base/jdk.internal.reflect.DelegatingConstructorAccessorImpl.newInstance(DelegatingConstructorAccessorImpl.java:45)
at java.base/java.lang.reflect.Constructor.newInstanceWithCaller(Constructor.java:499)
at java.base/java.lang.reflect.Constructor.newInstance(Constructor.java:480)
at org.openqa.selenium.remote.http.W3CHttpResponseCodec.createException(W3CHttpResponseCodec.java:187)
at org.openqa.selenium.remote.http.W3CHttpResponseCodec.decode(W3CHttpResponseCodec.java:122)
at org.openqa.selenium.remote.http.W3CHttpResponseCodec.decode(W3CHttpResponseCodec.java:49)
at org.openqa.selenium.remote.HttpCommandExecutor.execute(HttpCommandExecutor.java:158)
at org.openqa.selenium.remote.service.DriverCommandExecutor.execute(DriverCommandExecutor.java:83)
at org.openqa.selenium.remote.RemoteWebDriver.execute(RemoteWebDriver.java:552)
at org.openqa.selenium.remote.RemoteWebDriver.findElement(RemoteWebDriver.java:323)
at org.openqa.selenium.remote.RemoteWebDriver.findElementByCssSelector(RemoteWebDriver.java:420)
at org.openqa.selenium.By$ByCssSelector.findElement(By.java:431)
at org.openqa.selenium.remote.RemoteWebDriver.findElement(RemoteWebDriver.java:315)
at pageObjects.Header.getAdvisoryContents(Header.java:126)
at com.technogearup.E2EProject.HeaderOfThePage.utilityBanner(HeaderOfThePage.java:365)
at java.base/jdk.internal.reflect.NativeMethodAccessorImpl.invoke0(Native Method)
at java.base/jdk.internal.reflect.NativeMethodAccessorImpl.invoke(NativeMethodAccessorImpl.java:77)
at java.base/jdk.internal.reflect.DelegatingMethodAccessorImpl.invoke(DelegatingMethodAccessorImpl.java:43)
at java.base/java.lang.reflect.Method.invoke(Method.java:568)
at org.testng.internal.MethodInvocationHelper.invokeMethod(MethodInvocationHelper.java:132)
at org.testng.internal.TestInvoker.invokeMethod(TestInvoker.java:599)
at org.testng.internal.TestInvoker.invokeTestMethod(TestInvoker.java:174)
at org.testng.internal.MethodRunner.runInSequence(MethodRunner.java:46)
at org.testng.internal.TestInvoker$MethodInvocationAgent.invoke(TestInvoker.java:822)
at org.testng.internal.TestInvoker.invokeTestMethods(TestInvoker.java:147)
at org.testng.internal.TestMethodWorker.invokeTestMethods(TestMethodWorker.java:146)
at org.testng.internal.TestMethodWorker.run(TestMethodWorker.java:128)
at java.base/java.util.ArrayList.forEach(ArrayList.java:1511)
at org.testng.TestRunner.privateRun(TestRunner.java:764)
at org.testng.TestRunner.run(TestRunner.java:585)
at org.testng.SuiteRunner.runTest(SuiteRunner.java:384)
at org.testng.SuiteRunner.access$000(SuiteRunner.java:28)
at org.testng.SuiteRunner$SuiteWorker.run(SuiteRunner.java:425)
at org.testng.internal.thread.ThreadUtil.lambda$execute$0(ThreadUtil.java:66)
at java.base/java.util.concurrent.FutureTask.run(FutureTask.java:264)
at java.base/java.util.concurrent.ThreadPoolExecutor.runWorker(ThreadPoolExecutor.java:1136)
at java.base/java.util.concurrent.ThreadPoolExecutor$Worker.run(ThreadPoolExecutor.java:635)
at java.base/java.lang.Thread.run(Thread.java:833)
]]>
            </full-stacktrace>
          </exception> <!-- org.openqa.selenium.NoSuchElementException -->
          <reporter-output>
          </reporter-output>
        </test-method> <!-- utilityBanner -->
        <test-method signature="emailSignup()[pri:8, instance:com.technogearup.E2EProject.HeaderOfThePage@47747fb9]" started-at="2022-11-14T10:57:29 BDT" name="emailSignup" finished-at="2022-11-14T10:57:34 BDT" duration-ms="5078" status="FAIL">
          <exception class="org.openqa.selenium.NoSuchElementException">
            <message>
              <![CDATA[no such element: Unable to locate element: {"method":"xpath","selector":"//div[contains(@class,'utility-banner')]//button/span[contains(text(),'Email Sign Up')]"}
  (Session info: chrome=107.0.5304.107)
For documentation on this error, please visit: https://www.seleniumhq.org/exceptions/no_such_element.html
Build info: version: '3.141.59', revision: 'e82be7d358', time: '2018-11-14T08:17:03'
System info: host: 'DESKTOP-AG9QOA8', ip: '192.168.0.107', os.name: 'Windows 10', os.arch: 'amd64', os.version: '10.0', java.version: '17.0.4.1'
Driver info: org.openqa.selenium.chrome.ChromeDriver
Capabilities {acceptInsecureCerts: false, browserName: chrome, browserVersion: 107.0.5304.107, chrome: {chromedriverVersion: 107.0.5304.62 (1eec40d3a576..., userDataDir: C:\Users\REZA\AppData\Local...}, goog:chromeOptions: {debuggerAddress: localhost:2926}, javascriptEnabled: true, networkConnectionEnabled: false, pageLoadStrategy: normal, platform: WINDOWS, platformName: WINDOWS, proxy: Proxy(), setWindowRect: true, strictFileInteractability: false, timeouts: {implicit: 0, pageLoad: 300000, script: 30000}, unhandledPromptBehavior: dismiss and notify, webauthn:extension:credBlob: true, webauthn:extension:largeBlob: true, webauthn:virtualAuthenticators: true}
Session ID: 9ea8800a34c0ad1c54cf6433f6d3f0b2
*** Element info: {Using=xpath, value=//div[contains(@class,'utility-banner')]//button/span[contains(text(),'Email Sign Up')]}]]>
            </message>
            <full-stacktrace>
              <![CDATA[org.openqa.selenium.NoSuchElementException: no such element: Unable to locate element: {"method":"xpath","selector":"//div[contains(@class,'utility-banner')]//button/span[contains(text(),'Email Sign Up')]"}
  (Session info: chrome=107.0.5304.107)
For documentation on this error, please visit: https://www.seleniumhq.org/exceptions/no_such_element.html
Build info: version: '3.141.59', revision: 'e82be7d358', time: '2018-11-14T08:17:03'
System info: host: 'DESKTOP-AG9QOA8', ip: '192.168.0.107', os.name: 'Windows 10', os.arch: 'amd64', os.version: '10.0', java.version: '17.0.4.1'
Driver info: org.openqa.selenium.chrome.ChromeDriver
Capabilities {acceptInsecureCerts: false, browserName: chrome, browserVersion: 107.0.5304.107, chrome: {chromedriverVersion: 107.0.5304.62 (1eec40d3a576..., userDataDir: C:\Users\REZA\AppData\Local...}, goog:chromeOptions: {debuggerAddress: localhost:2926}, javascriptEnabled: true, networkConnectionEnabled: false, pageLoadStrategy: normal, platform: WINDOWS, platformName: WINDOWS, proxy: Proxy(), setWindowRect: true, strictFileInteractability: false, timeouts: {implicit: 0, pageLoad: 300000, script: 30000}, unhandledPromptBehavior: dismiss and notify, webauthn:extension:credBlob: true, webauthn:extension:largeBlob: true, webauthn:virtualAuthenticators: true}
Session ID: 9ea8800a34c0ad1c54cf6433f6d3f0b2
*** Element info: {Using=xpath, value=//div[contains(@class,'utility-banner')]//button/span[contains(text(),'Email Sign Up')]}
at jdk.internal.reflect.GeneratedConstructorAccessor38.newInstance(Unknown Source)
at java.base/jdk.internal.reflect.DelegatingConstructorAccessorImpl.newInstance(DelegatingConstructorAccessorImpl.java:45)
at java.base/java.lang.reflect.Constructor.newInstanceWithCaller(Constructor.java:499)
at java.base/java.lang.reflect.Constructor.newInstance(Constructor.java:480)
at org.openqa.selenium.remote.http.W3CHttpResponseCodec.createException(W3CHttpResponseCodec.java:187)
at org.openqa.selenium.remote.http.W3CHttpResponseCodec.decode(W3CHttpResponseCodec.java:122)
at org.openqa.selenium.remote.http.W3CHttpResponseCodec.decode(W3CHttpResponseCodec.java:49)
at org.openqa.selenium.remote.HttpCommandExecutor.execute(HttpCommandExecutor.java:158)
at org.openqa.selenium.remote.service.DriverCommandExecutor.execute(DriverCommandExecutor.java:83)
at org.openqa.selenium.remote.RemoteWebDriver.execute(RemoteWebDriver.java:552)
at org.openqa.selenium.remote.RemoteWebDriver.findElement(RemoteWebDriver.java:323)
at org.openqa.selenium.remote.RemoteWebDriver.findElementByXPath(RemoteWebDriver.java:428)
at org.openqa.selenium.By$ByXPath.findElement(By.java:353)
at org.openqa.selenium.remote.RemoteWebDriver.findElement(RemoteWebDriver.java:315)
at pageObjects.Header.getEmailSignup(Header.java:157)
at com.technogearup.E2EProject.HeaderOfThePage.emailSignup(HeaderOfThePage.java:450)
at java.base/jdk.internal.reflect.NativeMethodAccessorImpl.invoke0(Native Method)
at java.base/jdk.internal.reflect.NativeMethodAccessorImpl.invoke(NativeMethodAccessorImpl.java:77)
at java.base/jdk.internal.reflect.DelegatingMethodAccessorImpl.invoke(DelegatingMethodAccessorImpl.java:43)
at java.base/java.lang.reflect.Method.invoke(Method.java:568)
at org.testng.internal.MethodInvocationHelper.invokeMethod(MethodInvocationHelper.java:132)
at org.testng.internal.TestInvoker.invokeMethod(TestInvoker.java:599)
at org.testng.internal.TestInvoker.invokeTestMethod(TestInvoker.java:174)
at org.testng.internal.MethodRunner.runInSequence(MethodRunner.java:46)
at org.testng.internal.TestInvoker$MethodInvocationAgent.invoke(TestInvoker.java:822)
at org.testng.internal.TestInvoker.invokeTestMethods(TestInvoker.java:147)
at org.testng.internal.TestMethodWorker.invokeTestMethods(TestMethodWorker.java:146)
at org.testng.internal.TestMethodWorker.run(TestMethodWorker.java:128)
at java.base/java.util.ArrayList.forEach(ArrayList.java:1511)
at org.testng.TestRunner.privateRun(TestRunner.java:764)
at org.testng.TestRunner.run(TestRunner.java:585)
at org.testng.SuiteRunner.runTest(SuiteRunner.java:384)
at org.testng.SuiteRunner.access$000(SuiteRunner.java:28)
at org.testng.SuiteRunner$SuiteWorker.run(SuiteRunner.java:425)
at org.testng.internal.thread.ThreadUtil.lambda$execute$0(ThreadUtil.java:66)
at java.base/java.util.concurrent.FutureTask.run(FutureTask.java:264)
at java.base/java.util.concurrent.ThreadPoolExecutor.runWorker(ThreadPoolExecutor.java:1136)
at java.base/java.util.concurrent.ThreadPoolExecutor$Worker.run(ThreadPoolExecutor.java:635)
at java.base/java.lang.Thread.run(Thread.java:833)
]]>
            </full-stacktrace>
          </exception> <!-- org.openqa.selenium.NoSuchElementException -->
          <reporter-output>
          </reporter-output>
        </test-method> <!-- emailSignup -->
        <test-method is-config="true" signature="closeBrowser()[pri:0, instance:com.technogearup.E2EProject.HeaderOfThePage@47747fb9]" started-at="2022-11-14T10:57:35 BDT" name="closeBrowser" finished-at="2022-11-14T10:57:35 BDT" duration-ms="148" status="PASS">
          <reporter-output>
          </reporter-output>
        </test-method> <!-- closeBrowser -->
      </class> <!-- com.technogearup.E2EProject.HeaderOfThePage -->
      <class name="com.technogearup.E2EProject.RegistrationPage">
        <test-method is-config="true" signature="launcBrowser()[pri:0, instance:com.technogearup.E2EProject.RegistrationPage@213e3629]" started-at="2022-11-14T10:53:50 BDT" name="launcBrowser" finished-at="2022-11-14T10:53:59 BDT" duration-ms="8389" status="PASS">
          <reporter-output>
          </reporter-output>
        </test-method> <!-- launcBrowser -->
        <test-method signature="registerContent()[pri:1, instance:com.technogearup.E2EProject.RegistrationPage@213e3629]" started-at="2022-11-14T10:53:59 BDT" name="registerContent" finished-at="2022-11-14T10:54:00 BDT" duration-ms="1151" status="PASS">
          <reporter-output>
          </reporter-output>
        </test-method> <!-- registerContent -->
        <test-method signature="requiredFieldLabel()[pri:2, instance:com.technogearup.E2EProject.RegistrationPage@213e3629]" started-at="2022-11-14T10:54:10 BDT" name="requiredFieldLabel" finished-at="2022-11-14T10:54:11 BDT" duration-ms="1055" status="PASS">
          <reporter-output>
          </reporter-output>
        </test-method> <!-- requiredFieldLabel -->
        <test-method signature="validatePasswordInputField(java.lang.String)[pri:3, instance:com.technogearup.E2EProject.RegistrationPage@213e3629]" started-at="2022-11-14T10:54:30 BDT" name="validatePasswordInputField" data-provider="dummyPassword" finished-at="2022-11-14T10:54:31 BDT" duration-ms="597" status="PASS">
          <params>
            <param index="0">
              <value>
                <![CDATA[foo]]>
              </value>
            </param>
          </params>
          <reporter-output>
          </reporter-output>
        </test-method> <!-- validatePasswordInputField -->
        <test-method signature="validatePasswordInputField(java.lang.String)[pri:3, instance:com.technogearup.E2EProject.RegistrationPage@213e3629]" started-at="2022-11-14T10:54:31 BDT" name="validatePasswordInputField" data-provider="dummyPassword" finished-at="2022-11-14T10:54:31 BDT" duration-ms="408" status="PASS">
          <params>
            <param index="0">
              <value>
                <![CDATA[Password]]>
              </value>
            </param>
          </params>
          <reporter-output>
          </reporter-output>
        </test-method> <!-- validatePasswordInputField -->
        <test-method signature="validatePasswordInputField(java.lang.String)[pri:3, instance:com.technogearup.E2EProject.RegistrationPage@213e3629]" started-at="2022-11-14T10:54:31 BDT" name="validatePasswordInputField" data-provider="dummyPassword" finished-at="2022-11-14T10:54:31 BDT" duration-ms="328" status="PASS">
          <params>
            <param index="0">
              <value>
                <![CDATA[pass12346679]]>
              </value>
            </param>
          </params>
          <reporter-output>
          </reporter-output>
        </test-method> <!-- validatePasswordInputField -->
        <test-method signature="validatePasswordInputField(java.lang.String)[pri:3, instance:com.technogearup.E2EProject.RegistrationPage@213e3629]" started-at="2022-11-14T10:54:31 BDT" name="validatePasswordInputField" data-provider="dummyPassword" finished-at="2022-11-14T10:54:32 BDT" duration-ms="311" status="PASS">
          <params>
            <param index="0">
              <value>
                <![CDATA[Myname123]]>
              </value>
            </param>
          </params>
          <reporter-output>
          </reporter-output>
        </test-method> <!-- validatePasswordInputField -->
        <test-method signature="validatePasswordInputField(java.lang.String)[pri:3, instance:com.technogearup.E2EProject.RegistrationPage@213e3629]" started-at="2022-11-14T10:54:32 BDT" name="validatePasswordInputField" data-provider="dummyPassword" finished-at="2022-11-14T10:54:32 BDT" duration-ms="295" status="PASS">
          <params>
            <param index="0">
              <value>
                <![CDATA[moon1@]]>
              </value>
            </param>
          </params>
          <reporter-output>
          </reporter-output>
        </test-method> <!-- validatePasswordInputField -->
        <test-method signature="validatePasswordInputField(java.lang.String)[pri:3, instance:com.technogearup.E2EProject.RegistrationPage@213e3629]" started-at="2022-11-14T10:54:32 BDT" name="validatePasswordInputField" data-provider="dummyPassword" finished-at="2022-11-14T10:54:32 BDT" duration-ms="355" status="PASS">
          <params>
            <param index="0">
              <value>
                <![CDATA[Alexio1#4]]>
              </value>
            </param>
          </params>
          <reporter-output>
          </reporter-output>
        </test-method> <!-- validatePasswordInputField -->
        <test-method signature="validatePasswordInputField(java.lang.String)[pri:3, instance:com.technogearup.E2EProject.RegistrationPage@213e3629]" started-at="2022-11-14T10:54:32 BDT" name="validatePasswordInputField" data-provider="dummyPassword" finished-at="2022-11-14T10:54:33 BDT" duration-ms="319" status="PASS">
          <params>
            <param index="0">
              <value>
                <![CDATA[1#4Almxio]]>
              </value>
            </param>
          </params>
          <reporter-output>
          </reporter-output>
        </test-method> <!-- validatePasswordInputField -->
        <test-method signature="validatePasswordInputField(java.lang.String)[pri:3, instance:com.technogearup.E2EProject.RegistrationPage@213e3629]" started-at="2022-11-14T10:54:33 BDT" name="validatePasswordInputField" data-provider="dummyPassword" finished-at="2022-11-14T10:54:33 BDT" duration-ms="335" status="PASS">
          <params>
            <param index="0">
              <value>
                <![CDATA[9#4Alexto3]]>
              </value>
            </param>
          </params>
          <reporter-output>
          </reporter-output>
        </test-method> <!-- validatePasswordInputField -->
        <test-method signature="validatePasswordInputField(java.lang.String)[pri:3, instance:com.technogearup.E2EProject.RegistrationPage@213e3629]" started-at="2022-11-14T10:54:33 BDT" name="validatePasswordInputField" data-provider="dummyPassword" finished-at="2022-11-14T10:54:33 BDT" duration-ms="368" status="PASS">
          <params>
            <param index="0">
              <value>
                <![CDATA[Alexio1*tr]]>
              </value>
            </param>
          </params>
          <reporter-output>
          </reporter-output>
        </test-method> <!-- validatePasswordInputField -->
        <test-method signature="validatePasswordInputField(java.lang.String)[pri:3, instance:com.technogearup.E2EProject.RegistrationPage@213e3629]" started-at="2022-11-14T10:54:33 BDT" name="validatePasswordInputField" data-provider="dummyPassword" finished-at="2022-11-14T10:54:34 BDT" duration-ms="436" status="PASS">
          <params>
            <param index="0">
              <value>
                <![CDATA[Pt31(youtube]]>
              </value>
            </param>
          </params>
          <reporter-output>
          </reporter-output>
        </test-method> <!-- validatePasswordInputField -->
        <test-method signature="validateRegistrationFormWithInvalidData(java.lang.String, java.lang.String, java.lang.String, java.lang.String, java.lang.String, java.lang.String, java.lang.String, java.lang.String, java.lang.String, java.lang.String)[pri:4, instance:com.technogearup.E2EProject.RegistrationPage@213e3629]" started-at="2022-11-14T10:55:27 BDT" name="validateRegistrationFormWithInvalidData" data-provider="dummyRegister" finished-at="2022-11-14T10:55:31 BDT" duration-ms="3912" status="PASS">
          <params>
            <param index="0">
              <value is-null="true"/>
            </param>
            <param index="1">
              <value>
                <![CDATA[Salim]]>
              </value>
            </param>
            <param index="2">
              <value>
                <![CDATA[1.23456789E9]]>
              </value>
            </param>
            <param index="3">
              <value>
                <![CDATA[December]]>
              </value>
            </param>
            <param index="4">
              <value>
                <![CDATA[1992]]>
              </value>
            </param>
            <param index="5">
              <value>
                <![CDATA[Salim1@mailer.com]]>
              </value>
            </param>
            <param index="6">
              <value>
                <![CDATA[!aA1234567]]>
              </value>
            </param>
            <param index="7">
              <value>
                <![CDATA[!aA1234567]]>
              </value>
            </param>
            <param index="8">
              <value>
                <![CDATA[false]]>
              </value>
            </param>
            <param index="9">
              <value>
                <![CDATA[false]]>
              </value>
            </param>
          </params>
          <reporter-output>
          </reporter-output>
        </test-method> <!-- validateRegistrationFormWithInvalidData -->
        <test-method signature="validateRegistrationFormWithInvalidData(java.lang.String, java.lang.String, java.lang.String, java.lang.String, java.lang.String, java.lang.String, java.lang.String, java.lang.String, java.lang.String, java.lang.String)[pri:4, instance:com.technogearup.E2EProject.RegistrationPage@213e3629]" started-at="2022-11-14T10:55:31 BDT" name="validateRegistrationFormWithInvalidData" data-provider="dummyRegister" finished-at="2022-11-14T10:55:37 BDT" duration-ms="5493" status="PASS">
          <params>
            <param index="0">
              <value>
                <![CDATA[Akbar]]>
              </value>
            </param>
            <param index="1">
              <value is-null="true"/>
            </param>
            <param index="2">
              <value>
                <![CDATA[1.23456789E9]]>
              </value>
            </param>
            <param index="3">
              <value>
                <![CDATA[December]]>
              </value>
            </param>
            <param index="4">
              <value>
                <![CDATA[1992]]>
              </value>
            </param>
            <param index="5">
              <value>
                <![CDATA[Salim1@mailer.com]]>
              </value>
            </param>
            <param index="6">
              <value>
                <![CDATA[!aA1234567]]>
              </value>
            </param>
            <param index="7">
              <value>
                <![CDATA[!aA1234567]]>
              </value>
            </param>
            <param index="8">
              <value>
                <![CDATA[false]]>
              </value>
            </param>
            <param index="9">
              <value>
                <![CDATA[false]]>
              </value>
            </param>
          </params>
          <reporter-output>
          </reporter-output>
        </test-method> <!-- validateRegistrationFormWithInvalidData -->
        <test-method signature="validateRegistrationFormWithInvalidData(java.lang.String, java.lang.String, java.lang.String, java.lang.String, java.lang.String, java.lang.String, java.lang.String, java.lang.String, java.lang.String, java.lang.String)[pri:4, instance:com.technogearup.E2EProject.RegistrationPage@213e3629]" started-at="2022-11-14T10:55:37 BDT" name="validateRegistrationFormWithInvalidData" data-provider="dummyRegister" finished-at="2022-11-14T10:55:42 BDT" duration-ms="5712" status="PASS">
          <params>
            <param index="0">
              <value>
                <![CDATA[Akbar]]>
              </value>
            </param>
            <param index="1">
              <value>
                <![CDATA[Salim]]>
              </value>
            </param>
            <param index="2">
              <value is-null="true"/>
            </param>
            <param index="3">
              <value>
                <![CDATA[December]]>
              </value>
            </param>
            <param index="4">
              <value>
                <![CDATA[1992]]>
              </value>
            </param>
            <param index="5">
              <value>
                <![CDATA[Salim1@mailer.com]]>
              </value>
            </param>
            <param index="6">
              <value>
                <![CDATA[!aA1234567]]>
              </value>
            </param>
            <param index="7">
              <value>
                <![CDATA[!aA1234567]]>
              </value>
            </param>
            <param index="8">
              <value>
                <![CDATA[false]]>
              </value>
            </param>
            <param index="9">
              <value>
                <![CDATA[false]]>
              </value>
            </param>
          </params>
          <reporter-output>
          </reporter-output>
        </test-method> <!-- validateRegistrationFormWithInvalidData -->
        <test-method signature="validateRegistrationFormWithInvalidData(java.lang.String, java.lang.String, java.lang.String, java.lang.String, java.lang.String, java.lang.String, java.lang.String, java.lang.String, java.lang.String, java.lang.String)[pri:4, instance:com.technogearup.E2EProject.RegistrationPage@213e3629]" started-at="2022-11-14T10:55:42 BDT" name="validateRegistrationFormWithInvalidData" data-provider="dummyRegister" finished-at="2022-11-14T10:55:53 BDT" duration-ms="10451" status="PASS">
          <params>
            <param index="0">
              <value>
                <![CDATA[Akbar]]>
              </value>
            </param>
            <param index="1">
              <value>
                <![CDATA[Salim]]>
              </value>
            </param>
            <param index="2">
              <value>
                <![CDATA[1.23456789E9]]>
              </value>
            </param>
            <param index="3">
              <value is-null="true"/>
            </param>
            <param index="4">
              <value>
                <![CDATA[1992]]>
              </value>
            </param>
            <param index="5">
              <value>
                <![CDATA[Salim1@mailer.com]]>
              </value>
            </param>
            <param index="6">
              <value>
                <![CDATA[!aA1234567]]>
              </value>
            </param>
            <param index="7">
              <value>
                <![CDATA[!aA1234567]]>
              </value>
            </param>
            <param index="8">
              <value>
                <![CDATA[false]]>
              </value>
            </param>
            <param index="9">
              <value>
                <![CDATA[false]]>
              </value>
            </param>
          </params>
          <reporter-output>
          </reporter-output>
        </test-method> <!-- validateRegistrationFormWithInvalidData -->
        <test-method signature="validateRegistrationFormWithInvalidData(java.lang.String, java.lang.String, java.lang.String, java.lang.String, java.lang.String, java.lang.String, java.lang.String, java.lang.String, java.lang.String, java.lang.String)[pri:4, instance:com.technogearup.E2EProject.RegistrationPage@213e3629]" started-at="2022-11-14T10:55:53 BDT" name="validateRegistrationFormWithInvalidData" data-provider="dummyRegister" finished-at="2022-11-14T10:56:05 BDT" duration-ms="11969" status="PASS">
          <params>
            <param index="0">
              <value>
                <![CDATA[Akbar]]>
              </value>
            </param>
            <param index="1">
              <value>
                <![CDATA[Salim]]>
              </value>
            </param>
            <param index="2">
              <value>
                <![CDATA[1.23456789E9]]>
              </value>
            </param>
            <param index="3">
              <value>
                <![CDATA[December]]>
              </value>
            </param>
            <param index="4">
              <value is-null="true"/>
            </param>
            <param index="5">
              <value>
                <![CDATA[Salim1@mailer.com]]>
              </value>
            </param>
            <param index="6">
              <value>
                <![CDATA[!aA1234567]]>
              </value>
            </param>
            <param index="7">
              <value>
                <![CDATA[!aA1234567]]>
              </value>
            </param>
            <param index="8">
              <value>
                <![CDATA[false]]>
              </value>
            </param>
            <param index="9">
              <value>
                <![CDATA[false]]>
              </value>
            </param>
          </params>
          <reporter-output>
          </reporter-output>
        </test-method> <!-- validateRegistrationFormWithInvalidData -->
        <test-method signature="validateRegistrationFormWithInvalidData(java.lang.String, java.lang.String, java.lang.String, java.lang.String, java.lang.String, java.lang.String, java.lang.String, java.lang.String, java.lang.String, java.lang.String)[pri:4, instance:com.technogearup.E2EProject.RegistrationPage@213e3629]" started-at="2022-11-14T10:56:05 BDT" name="validateRegistrationFormWithInvalidData" data-provider="dummyRegister" finished-at="2022-11-14T10:56:09 BDT" duration-ms="4645" status="PASS">
          <params>
            <param index="0">
              <value>
                <![CDATA[Akbar]]>
              </value>
            </param>
            <param index="1">
              <value>
                <![CDATA[Salim]]>
              </value>
            </param>
            <param index="2">
              <value>
                <![CDATA[1.23456789E9]]>
              </value>
            </param>
            <param index="3">
              <value>
                <![CDATA[December]]>
              </value>
            </param>
            <param index="4">
              <value>
                <![CDATA[1992]]>
              </value>
            </param>
            <param index="5">
              <value>
                <![CDATA[]]>
              </value>
            </param>
            <param index="6">
              <value>
                <![CDATA[!aA1234567]]>
              </value>
            </param>
            <param index="7">
              <value>
                <![CDATA[!aA1234567]]>
              </value>
            </param>
            <param index="8">
              <value>
                <![CDATA[false]]>
              </value>
            </param>
            <param index="9">
              <value>
                <![CDATA[false]]>
              </value>
            </param>
          </params>
          <reporter-output>
          </reporter-output>
        </test-method> <!-- validateRegistrationFormWithInvalidData -->
        <test-method signature="validateRegistrationFormWithInvalidData(java.lang.String, java.lang.String, java.lang.String, java.lang.String, java.lang.String, java.lang.String, java.lang.String, java.lang.String, java.lang.String, java.lang.String)[pri:4, instance:com.technogearup.E2EProject.RegistrationPage@213e3629]" started-at="2022-11-14T10:56:09 BDT" name="validateRegistrationFormWithInvalidData" data-provider="dummyRegister" finished-at="2022-11-14T10:56:14 BDT" duration-ms="4399" status="PASS">
          <params>
            <param index="0">
              <value>
                <![CDATA[Akbar]]>
              </value>
            </param>
            <param index="1">
              <value>
                <![CDATA[Salim]]>
              </value>
            </param>
            <param index="2">
              <value>
                <![CDATA[1.23456789E9]]>
              </value>
            </param>
            <param index="3">
              <value>
                <![CDATA[December]]>
              </value>
            </param>
            <param index="4">
              <value>
                <![CDATA[1992]]>
              </value>
            </param>
            <param index="5">
              <value>
                <![CDATA[Salim1@mailer.com]]>
              </value>
            </param>
            <param index="6">
              <value is-null="true"/>
            </param>
            <param index="7">
              <value>
                <![CDATA[!aA1234567]]>
              </value>
            </param>
            <param index="8">
              <value>
                <![CDATA[false]]>
              </value>
            </param>
            <param index="9">
              <value>
                <![CDATA[false]]>
              </value>
            </param>
          </params>
          <reporter-output>
          </reporter-output>
        </test-method> <!-- validateRegistrationFormWithInvalidData -->
        <test-method signature="validateRegistrationFormWithInvalidData(java.lang.String, java.lang.String, java.lang.String, java.lang.String, java.lang.String, java.lang.String, java.lang.String, java.lang.String, java.lang.String, java.lang.String)[pri:4, instance:com.technogearup.E2EProject.RegistrationPage@213e3629]" started-at="2022-11-14T10:56:14 BDT" name="validateRegistrationFormWithInvalidData" data-provider="dummyRegister" finished-at="2022-11-14T10:56:18 BDT" duration-ms="4450" status="PASS">
          <params>
            <param index="0">
              <value>
                <![CDATA[Akbar]]>
              </value>
            </param>
            <param index="1">
              <value>
                <![CDATA[Salim]]>
              </value>
            </param>
            <param index="2">
              <value>
                <![CDATA[1.23456789E9]]>
              </value>
            </param>
            <param index="3">
              <value>
                <![CDATA[December]]>
              </value>
            </param>
            <param index="4">
              <value>
                <![CDATA[1992]]>
              </value>
            </param>
            <param index="5">
              <value>
                <![CDATA[Salim1@mailer.com]]>
              </value>
            </param>
            <param index="6">
              <value>
                <![CDATA[!aA1234567]]>
              </value>
            </param>
            <param index="7">
              <value is-null="true"/>
            </param>
            <param index="8">
              <value>
                <![CDATA[false]]>
              </value>
            </param>
            <param index="9">
              <value>
                <![CDATA[false]]>
              </value>
            </param>
          </params>
          <reporter-output>
          </reporter-output>
        </test-method> <!-- validateRegistrationFormWithInvalidData -->
        <test-method signature="validateRegistrationFormWithInvalidData(java.lang.String, java.lang.String, java.lang.String, java.lang.String, java.lang.String, java.lang.String, java.lang.String, java.lang.String, java.lang.String, java.lang.String)[pri:4, instance:com.technogearup.E2EProject.RegistrationPage@213e3629]" started-at="2022-11-14T10:56:18 BDT" name="validateRegistrationFormWithInvalidData" data-provider="dummyRegister" finished-at="2022-11-14T10:56:23 BDT" duration-ms="4504" status="PASS">
          <params>
            <param index="0">
              <value>
                <![CDATA[Akbar]]>
              </value>
            </param>
            <param index="1">
              <value>
                <![CDATA[Salim]]>
              </value>
            </param>
            <param index="2">
              <value>
                <![CDATA[1.23456789E9]]>
              </value>
            </param>
            <param index="3">
              <value>
                <![CDATA[December]]>
              </value>
            </param>
            <param index="4">
              <value>
                <![CDATA[1992]]>
              </value>
            </param>
            <param index="5">
              <value>
                <![CDATA[Salim1@mailer.com]]>
              </value>
            </param>
            <param index="6">
              <value>
                <![CDATA[!aA1234567]]>
              </value>
            </param>
            <param index="7">
              <value>
                <![CDATA[!aA12345678]]>
              </value>
            </param>
            <param index="8">
              <value>
                <![CDATA[false]]>
              </value>
            </param>
            <param index="9">
              <value>
                <![CDATA[false]]>
              </value>
            </param>
          </params>
          <reporter-output>
          </reporter-output>
        </test-method> <!-- validateRegistrationFormWithInvalidData -->
        <test-method signature="validateRegistrationFormWithInvalidData(java.lang.String, java.lang.String, java.lang.String, java.lang.String, java.lang.String, java.lang.String, java.lang.String, java.lang.String, java.lang.String, java.lang.String)[pri:4, instance:com.technogearup.E2EProject.RegistrationPage@213e3629]" started-at="2022-11-14T10:56:23 BDT" name="validateRegistrationFormWithInvalidData" data-provider="dummyRegister" finished-at="2022-11-14T10:56:32 BDT" duration-ms="9040" status="PASS">
          <params>
            <param index="0">
              <value>
                <![CDATA[Akbar]]>
              </value>
            </param>
            <param index="1">
              <value>
                <![CDATA[Salim]]>
              </value>
            </param>
            <param index="2">
              <value>
                <![CDATA[1.23456789E9]]>
              </value>
            </param>
            <param index="3">
              <value>
                <![CDATA[December]]>
              </value>
            </param>
            <param index="4">
              <value>
                <![CDATA[1992]]>
              </value>
            </param>
            <param index="5">
              <value>
                <![CDATA[Salim@mail.com]]>
              </value>
            </param>
            <param index="6">
              <value>
                <![CDATA[!aA1234567]]>
              </value>
            </param>
            <param index="7">
              <value>
                <![CDATA[!aA1234567]]>
              </value>
            </param>
            <param index="8">
              <value>
                <![CDATA[false]]>
              </value>
            </param>
            <param index="9">
              <value>
                <![CDATA[false]]>
              </value>
            </param>
          </params>
          <reporter-output>
          </reporter-output>
        </test-method> <!-- validateRegistrationFormWithInvalidData -->
        <test-method signature="validateRegistrationFormWithInvalidData(java.lang.String, java.lang.String, java.lang.String, java.lang.String, java.lang.String, java.lang.String, java.lang.String, java.lang.String, java.lang.String, java.lang.String)[pri:4, instance:com.technogearup.E2EProject.RegistrationPage@213e3629]" started-at="2022-11-14T10:56:32 BDT" name="validateRegistrationFormWithInvalidData" data-provider="dummyRegister" finished-at="2022-11-14T10:56:41 BDT" duration-ms="9024" status="PASS">
          <params>
            <param index="0">
              <value>
                <![CDATA[Akbar]]>
              </value>
            </param>
            <param index="1">
              <value>
                <![CDATA[Salim]]>
              </value>
            </param>
            <param index="2">
              <value>
                <![CDATA[1.23456789E9]]>
              </value>
            </param>
            <param index="3">
              <value>
                <![CDATA[December]]>
              </value>
            </param>
            <param index="4">
              <value>
                <![CDATA[1992]]>
              </value>
            </param>
            <param index="5">
              <value>
                <![CDATA[Salim@mailer.com]]>
              </value>
            </param>
            <param index="6">
              <value>
                <![CDATA[!aA1234567]]>
              </value>
            </param>
            <param index="7">
              <value>
                <![CDATA[!aA1234567]]>
              </value>
            </param>
            <param index="8">
              <value>
                <![CDATA[false]]>
              </value>
            </param>
            <param index="9">
              <value>
                <![CDATA[false]]>
              </value>
            </param>
          </params>
          <reporter-output>
          </reporter-output>
        </test-method> <!-- validateRegistrationFormWithInvalidData -->
        <test-method is-config="true" signature="closeBrowser()[pri:0, instance:com.technogearup.E2EProject.RegistrationPage@213e3629]" started-at="2022-11-14T10:56:41 BDT" name="closeBrowser" finished-at="2022-11-14T10:56:41 BDT" duration-ms="158" status="PASS">
          <reporter-output>
          </reporter-output>
        </test-method> <!-- closeBrowser -->
      </class> <!-- com.technogearup.E2EProject.RegistrationPage -->
      <class name="com.technogearup.E2EProject.FooterOfThePage">
        <test-method is-config="true" signature="launcBrowser()[pri:0, instance:com.technogearup.E2EProject.FooterOfThePage@3113a37]" started-at="2022-11-14T10:53:18 BDT" name="launcBrowser" finished-at="2022-11-14T10:53:40 BDT" duration-ms="21466" status="PASS">
          <reporter-output>
          </reporter-output>
        </test-method> <!-- launcBrowser -->
        <test-method signature="footerContent()[pri:1, instance:com.technogearup.E2EProject.FooterOfThePage@3113a37]" started-at="2022-11-14T10:53:40 BDT" name="footerContent" finished-at="2022-11-14T10:53:40 BDT" duration-ms="540" status="PASS">
          <reporter-output>
          </reporter-output>
        </test-method> <!-- footerContent -->
        <test-method signature="companyInfo()[pri:2, instance:com.technogearup.E2EProject.FooterOfThePage@3113a37]" started-at="2022-11-14T10:54:00 BDT" name="companyInfo" finished-at="2022-11-14T10:54:10 BDT" duration-ms="10142" status="PASS">
          <reporter-output>
          </reporter-output>
        </test-method> <!-- companyInfo -->
        <test-method signature="customerService()[pri:3, instance:com.technogearup.E2EProject.FooterOfThePage@3113a37]" started-at="2022-11-14T10:54:11 BDT" name="customerService" finished-at="2022-11-14T10:54:16 BDT" duration-ms="4448" status="PASS">
          <reporter-output>
          </reporter-output>
        </test-method> <!-- customerService -->
        <test-method signature="onlinePurchases()[pri:4, instance:com.technogearup.E2EProject.FooterOfThePage@3113a37]" started-at="2022-11-14T10:54:34 BDT" name="onlinePurchases" finished-at="2022-11-14T10:54:40 BDT" duration-ms="6085" status="PASS">
          <reporter-output>
          </reporter-output>
        </test-method> <!-- onlinePurchases -->
        <test-method signature="followUs()[pri:5, instance:com.technogearup.E2EProject.FooterOfThePage@3113a37]" started-at="2022-11-14T10:56:41 BDT" name="followUs" finished-at="2022-11-14T10:56:44 BDT" duration-ms="3313" status="FAIL">
          <exception class="java.lang.AssertionError">
            <message>
              <![CDATA[Footer->followUs: [https://www.tiktok.com/@neutrogena_us] didn't redirected properly. expected [true] but found [false]]]>
            </message>
            <full-stacktrace>
              <![CDATA[java.lang.AssertionError: Footer->followUs: [https://www.tiktok.com/@neutrogena_us] didn't redirected properly. expected [true] but found [false]
at org.testng.Assert.fail(Assert.java:99)
at org.testng.Assert.failNotEquals(Assert.java:1037)
at org.testng.Assert.assertTrue(Assert.java:45)
at com.technogearup.E2EProject.FooterOfThePage.followUs(FooterOfThePage.java:359)
at java.base/jdk.internal.reflect.NativeMethodAccessorImpl.invoke0(Native Method)
at java.base/jdk.internal.reflect.NativeMethodAccessorImpl.invoke(NativeMethodAccessorImpl.java:77)
at java.base/jdk.internal.reflect.DelegatingMethodAccessorImpl.invoke(DelegatingMethodAccessorImpl.java:43)
at java.base/java.lang.reflect.Method.invoke(Method.java:568)
at org.testng.internal.MethodInvocationHelper.invokeMethod(MethodInvocationHelper.java:132)
at org.testng.internal.TestInvoker.invokeMethod(TestInvoker.java:599)
at org.testng.internal.TestInvoker.invokeTestMethod(TestInvoker.java:174)
at org.testng.internal.MethodRunner.runInSequence(MethodRunner.java:46)
at org.testng.internal.TestInvoker$MethodInvocationAgent.invoke(TestInvoker.java:822)
at org.testng.internal.TestInvoker.invokeTestMethods(TestInvoker.java:147)
at org.testng.internal.TestMethodWorker.invokeTestMethods(TestMethodWorker.java:146)
at org.testng.internal.TestMethodWorker.run(TestMethodWorker.java:128)
at java.base/java.util.ArrayList.forEach(ArrayList.java:1511)
at org.testng.TestRunner.privateRun(TestRunner.java:764)
at org.testng.TestRunner.run(TestRunner.java:585)
at org.testng.SuiteRunner.runTest(SuiteRunner.java:384)
at org.testng.SuiteRunner.access$000(SuiteRunner.java:28)
at org.testng.SuiteRunner$SuiteWorker.run(SuiteRunner.java:425)
at org.testng.internal.thread.ThreadUtil.lambda$execute$0(ThreadUtil.java:66)
at java.base/java.util.concurrent.FutureTask.run(FutureTask.java:264)
at java.base/java.util.concurrent.ThreadPoolExecutor.runWorker(ThreadPoolExecutor.java:1136)
at java.base/java.util.concurrent.ThreadPoolExecutor$Worker.run(ThreadPoolExecutor.java:635)
at java.base/java.lang.Thread.run(Thread.java:833)
]]>
            </full-stacktrace>
          </exception> <!-- java.lang.AssertionError -->
          <reporter-output>
          </reporter-output>
        </test-method> <!-- followUs -->
        <test-method signature="footerUtility()[pri:6, instance:com.technogearup.E2EProject.FooterOfThePage@3113a37]" started-at="2022-11-14T10:56:55 BDT" name="footerUtility" finished-at="2022-11-14T10:57:05 BDT" duration-ms="10267" status="FAIL">
          <exception class="org.openqa.selenium.NoSuchElementException">
            <message>
              <![CDATA[no such element: Unable to locate element: {"method":"xpath","selector":"./*[local-name()='svg']/*[local-name()='use']"}
  (Session info: chrome=107.0.5304.107)
For documentation on this error, please visit: https://www.seleniumhq.org/exceptions/no_such_element.html
Build info: version: '3.141.59', revision: 'e82be7d358', time: '2018-11-14T08:17:03'
System info: host: 'DESKTOP-AG9QOA8', ip: '192.168.0.107', os.name: 'Windows 10', os.arch: 'amd64', os.version: '10.0', java.version: '17.0.4.1'
Driver info: org.openqa.selenium.chrome.ChromeDriver
Capabilities {acceptInsecureCerts: false, browserName: chrome, browserVersion: 107.0.5304.107, chrome: {chromedriverVersion: 107.0.5304.62 (1eec40d3a576..., userDataDir: C:\Users\REZA\AppData\Local...}, goog:chromeOptions: {debuggerAddress: localhost:2809}, javascriptEnabled: true, networkConnectionEnabled: false, pageLoadStrategy: normal, platform: WINDOWS, platformName: WINDOWS, proxy: Proxy(), setWindowRect: true, strictFileInteractability: false, timeouts: {implicit: 0, pageLoad: 300000, script: 30000}, unhandledPromptBehavior: dismiss and notify, webauthn:extension:credBlob: true, webauthn:extension:largeBlob: true, webauthn:virtualAuthenticators: true}
Session ID: b44518928f1e021e568487dcbf0c8f15
*** Element info: {Using=xpath, value=./*[local-name()='svg']/*[local-name()='use']}]]>
            </message>
            <full-stacktrace>
              <![CDATA[org.openqa.selenium.NoSuchElementException: no such element: Unable to locate element: {"method":"xpath","selector":"./*[local-name()='svg']/*[local-name()='use']"}
  (Session info: chrome=107.0.5304.107)
For documentation on this error, please visit: https://www.seleniumhq.org/exceptions/no_such_element.html
Build info: version: '3.141.59', revision: 'e82be7d358', time: '2018-11-14T08:17:03'
System info: host: 'DESKTOP-AG9QOA8', ip: '192.168.0.107', os.name: 'Windows 10', os.arch: 'amd64', os.version: '10.0', java.version: '17.0.4.1'
Driver info: org.openqa.selenium.chrome.ChromeDriver
Capabilities {acceptInsecureCerts: false, browserName: chrome, browserVersion: 107.0.5304.107, chrome: {chromedriverVersion: 107.0.5304.62 (1eec40d3a576..., userDataDir: C:\Users\REZA\AppData\Local...}, goog:chromeOptions: {debuggerAddress: localhost:2809}, javascriptEnabled: true, networkConnectionEnabled: false, pageLoadStrategy: normal, platform: WINDOWS, platformName: WINDOWS, proxy: Proxy(), setWindowRect: true, strictFileInteractability: false, timeouts: {implicit: 0, pageLoad: 300000, script: 30000}, unhandledPromptBehavior: dismiss and notify, webauthn:extension:credBlob: true, webauthn:extension:largeBlob: true, webauthn:virtualAuthenticators: true}
Session ID: b44518928f1e021e568487dcbf0c8f15
*** Element info: {Using=xpath, value=./*[local-name()='svg']/*[local-name()='use']}
at jdk.internal.reflect.GeneratedConstructorAccessor38.newInstance(Unknown Source)
at java.base/jdk.internal.reflect.DelegatingConstructorAccessorImpl.newInstance(DelegatingConstructorAccessorImpl.java:45)
at java.base/java.lang.reflect.Constructor.newInstanceWithCaller(Constructor.java:499)
at java.base/java.lang.reflect.Constructor.newInstance(Constructor.java:480)
at org.openqa.selenium.remote.http.W3CHttpResponseCodec.createException(W3CHttpResponseCodec.java:187)
at org.openqa.selenium.remote.http.W3CHttpResponseCodec.decode(W3CHttpResponseCodec.java:122)
at org.openqa.selenium.remote.http.W3CHttpResponseCodec.decode(W3CHttpResponseCodec.java:49)
at org.openqa.selenium.remote.HttpCommandExecutor.execute(HttpCommandExecutor.java:158)
at org.openqa.selenium.remote.service.DriverCommandExecutor.execute(DriverCommandExecutor.java:83)
at org.openqa.selenium.remote.RemoteWebDriver.execute(RemoteWebDriver.java:552)
at org.openqa.selenium.remote.RemoteWebElement.execute(RemoteWebElement.java:285)
at org.openqa.selenium.remote.RemoteWebElement.findElement(RemoteWebElement.java:185)
at org.openqa.selenium.remote.RemoteWebElement.findElementByXPath(RemoteWebElement.java:261)
at org.openqa.selenium.By$ByXPath.findElement(By.java:353)
at org.openqa.selenium.remote.RemoteWebElement.findElement(RemoteWebElement.java:181)
at pageObjects.Footer.getsocialImage(Footer.java:94)
at com.technogearup.E2EProject.FooterOfThePage.footerUtility(FooterOfThePage.java:401)
at java.base/jdk.internal.reflect.NativeMethodAccessorImpl.invoke0(Native Method)
at java.base/jdk.internal.reflect.NativeMethodAccessorImpl.invoke(NativeMethodAccessorImpl.java:77)
at java.base/jdk.internal.reflect.DelegatingMethodAccessorImpl.invoke(DelegatingMethodAccessorImpl.java:43)
at java.base/java.lang.reflect.Method.invoke(Method.java:568)
at org.testng.internal.MethodInvocationHelper.invokeMethod(MethodInvocationHelper.java:132)
at org.testng.internal.TestInvoker.invokeMethod(TestInvoker.java:599)
at org.testng.internal.TestInvoker.invokeTestMethod(TestInvoker.java:174)
at org.testng.internal.MethodRunner.runInSequence(MethodRunner.java:46)
at org.testng.internal.TestInvoker$MethodInvocationAgent.invoke(TestInvoker.java:822)
at org.testng.internal.TestInvoker.invokeTestMethods(TestInvoker.java:147)
at org.testng.internal.TestMethodWorker.invokeTestMethods(TestMethodWorker.java:146)
at org.testng.internal.TestMethodWorker.run(TestMethodWorker.java:128)
at java.base/java.util.ArrayList.forEach(ArrayList.java:1511)
at org.testng.TestRunner.privateRun(TestRunner.java:764)
at org.testng.TestRunner.run(TestRunner.java:585)
at org.testng.SuiteRunner.runTest(SuiteRunner.java:384)
at org.testng.SuiteRunner.access$000(SuiteRunner.java:28)
at org.testng.SuiteRunner$SuiteWorker.run(SuiteRunner.java:425)
at org.testng.internal.thread.ThreadUtil.lambda$execute$0(ThreadUtil.java:66)
at java.base/java.util.concurrent.FutureTask.run(FutureTask.java:264)
at java.base/java.util.concurrent.ThreadPoolExecutor.runWorker(ThreadPoolExecutor.java:1136)
at java.base/java.util.concurrent.ThreadPoolExecutor$Worker.run(ThreadPoolExecutor.java:635)
at java.base/java.lang.Thread.run(Thread.java:833)
]]>
            </full-stacktrace>
          </exception> <!-- org.openqa.selenium.NoSuchElementException -->
          <reporter-output>
          </reporter-output>
        </test-method> <!-- footerUtility -->
        <test-method signature="footerBadges()[pri:7, instance:com.technogearup.E2EProject.FooterOfThePage@3113a37]" started-at="2022-11-14T10:57:11 BDT" name="footerBadges" finished-at="2022-11-14T10:57:11 BDT" duration-ms="187" status="PASS">
          <reporter-output>
          </reporter-output>
        </test-method> <!-- footerBadges -->
        <test-method signature="emailSignUp()[pri:8, instance:com.technogearup.E2EProject.FooterOfThePage@3113a37]" started-at="2022-11-14T10:57:17 BDT" name="emailSignUp" finished-at="2022-11-14T10:57:29 BDT" duration-ms="12316" status="FAIL">
          <exception class="org.openqa.selenium.ElementNotInteractableException">
            <message>
              <![CDATA[element not interactable
  (Session info: chrome=107.0.5304.107)
Build info: version: '3.141.59', revision: 'e82be7d358', time: '2018-11-14T08:17:03'
System info: host: 'DESKTOP-AG9QOA8', ip: '192.168.0.107', os.name: 'Windows 10', os.arch: 'amd64', os.version: '10.0', java.version: '17.0.4.1'
Driver info: org.openqa.selenium.chrome.ChromeDriver
Capabilities {acceptInsecureCerts: false, browserName: chrome, browserVersion: 107.0.5304.107, chrome: {chromedriverVersion: 107.0.5304.62 (1eec40d3a576..., userDataDir: C:\Users\REZA\AppData\Local...}, goog:chromeOptions: {debuggerAddress: localhost:2809}, javascriptEnabled: true, networkConnectionEnabled: false, pageLoadStrategy: normal, platform: WINDOWS, platformName: WINDOWS, proxy: Proxy(), setWindowRect: true, strictFileInteractability: false, timeouts: {implicit: 0, pageLoad: 300000, script: 30000}, unhandledPromptBehavior: dismiss and notify, webauthn:extension:credBlob: true, webauthn:extension:largeBlob: true, webauthn:virtualAuthenticators: true}
Session ID: b44518928f1e021e568487dcbf0c8f15]]>
            </message>
            <full-stacktrace>
              <![CDATA[org.openqa.selenium.ElementNotInteractableException: element not interactable
  (Session info: chrome=107.0.5304.107)
Build info: version: '3.141.59', revision: 'e82be7d358', time: '2018-11-14T08:17:03'
System info: host: 'DESKTOP-AG9QOA8', ip: '192.168.0.107', os.name: 'Windows 10', os.arch: 'amd64', os.version: '10.0', java.version: '17.0.4.1'
Driver info: org.openqa.selenium.chrome.ChromeDriver
Capabilities {acceptInsecureCerts: false, browserName: chrome, browserVersion: 107.0.5304.107, chrome: {chromedriverVersion: 107.0.5304.62 (1eec40d3a576..., userDataDir: C:\Users\REZA\AppData\Local...}, goog:chromeOptions: {debuggerAddress: localhost:2809}, javascriptEnabled: true, networkConnectionEnabled: false, pageLoadStrategy: normal, platform: WINDOWS, platformName: WINDOWS, proxy: Proxy(), setWindowRect: true, strictFileInteractability: false, timeouts: {implicit: 0, pageLoad: 300000, script: 30000}, unhandledPromptBehavior: dismiss and notify, webauthn:extension:credBlob: true, webauthn:extension:largeBlob: true, webauthn:virtualAuthenticators: true}
Session ID: b44518928f1e021e568487dcbf0c8f15
at java.base/jdk.internal.reflect.NativeConstructorAccessorImpl.newInstance0(Native Method)
at java.base/jdk.internal.reflect.NativeConstructorAccessorImpl.newInstance(NativeConstructorAccessorImpl.java:77)
at java.base/jdk.internal.reflect.DelegatingConstructorAccessorImpl.newInstance(DelegatingConstructorAccessorImpl.java:45)
at java.base/java.lang.reflect.Constructor.newInstanceWithCaller(Constructor.java:499)
at java.base/java.lang.reflect.Constructor.newInstance(Constructor.java:480)
at org.openqa.selenium.remote.http.W3CHttpResponseCodec.createException(W3CHttpResponseCodec.java:187)
at org.openqa.selenium.remote.http.W3CHttpResponseCodec.decode(W3CHttpResponseCodec.java:122)
at org.openqa.selenium.remote.http.W3CHttpResponseCodec.decode(W3CHttpResponseCodec.java:49)
at org.openqa.selenium.remote.HttpCommandExecutor.execute(HttpCommandExecutor.java:158)
at org.openqa.selenium.remote.service.DriverCommandExecutor.execute(DriverCommandExecutor.java:83)
at org.openqa.selenium.remote.RemoteWebDriver.execute(RemoteWebDriver.java:552)
at org.openqa.selenium.remote.RemoteWebElement.execute(RemoteWebElement.java:285)
at org.openqa.selenium.remote.RemoteWebElement.click(RemoteWebElement.java:84)
at com.technogearup.E2EProject.FooterOfThePage.emailSignUp(FooterOfThePage.java:507)
at java.base/jdk.internal.reflect.NativeMethodAccessorImpl.invoke0(Native Method)
at java.base/jdk.internal.reflect.NativeMethodAccessorImpl.invoke(NativeMethodAccessorImpl.java:77)
at java.base/jdk.internal.reflect.DelegatingMethodAccessorImpl.invoke(DelegatingMethodAccessorImpl.java:43)
at java.base/java.lang.reflect.Method.invoke(Method.java:568)
at org.testng.internal.MethodInvocationHelper.invokeMethod(MethodInvocationHelper.java:132)
at org.testng.internal.TestInvoker.invokeMethod(TestInvoker.java:599)
at org.testng.internal.TestInvoker.invokeTestMethod(TestInvoker.java:174)
at org.testng.internal.MethodRunner.runInSequence(MethodRunner.java:46)
at org.testng.internal.TestInvoker$MethodInvocationAgent.invoke(TestInvoker.java:822)
at org.testng.internal.TestInvoker.invokeTestMethods(TestInvoker.java:147)
at org.testng.internal.TestMethodWorker.invokeTestMethods(TestMethodWorker.java:146)
at org.testng.internal.TestMethodWorker.run(TestMethodWorker.java:128)
at java.base/java.util.ArrayList.forEach(ArrayList.java:1511)
at org.testng.TestRunner.privateRun(TestRunner.java:764)
at org.testng.TestRunner.run(TestRunner.java:585)
at org.testng.SuiteRunner.runTest(SuiteRunner.java:384)
at org.testng.SuiteRunner.access$000(SuiteRunner.java:28)
at org.testng.SuiteRunner$SuiteWorker.run(SuiteRunner.java:425)
at org.testng.internal.thread.ThreadUtil.lambda$execute$0(ThreadUtil.java:66)
at java.base/java.util.concurrent.FutureTask.run(FutureTask.java:264)
at java.base/java.util.concurrent.ThreadPoolExecutor.runWorker(ThreadPoolExecutor.java:1136)
at java.base/java.util.concurrent.ThreadPoolExecutor$Worker.run(ThreadPoolExecutor.java:635)
at java.base/java.lang.Thread.run(Thread.java:833)
]]>
            </full-stacktrace>
          </exception> <!-- org.openqa.selenium.ElementNotInteractableException -->
          <reporter-output>
          </reporter-output>
        </test-method> <!-- emailSignUp -->
        <test-method is-config="true" signature="closeBrowser()[pri:0, instance:com.technogearup.E2EProject.FooterOfThePage@3113a37]" started-at="2022-11-14T10:57:29 BDT" name="closeBrowser" finished-at="2022-11-14T10:57:29 BDT" duration-ms="125" status="PASS">
          <reporter-output>
          </reporter-output>
        </test-method> <!-- closeBrowser -->
      </class> <!-- com.technogearup.E2EProject.FooterOfThePage -->
    </test> <!-- Test0 -->
  </suite> <!-- Suite -->
</testng-results>
